rm: cannot remove 'mpi_sum.txt': No such file or directory
n = 500, simulation time = 1.11798 seconds
n = 500, simulation time = 0.569208 seconds
n = 500, simulation time = 0.29373 seconds
n = 500, simulation time = 0.161288 seconds
n = 500, simulation time = 0.098634 seconds
n = 500, simulation time = 0.06987 seconds
n = 1000, simulation time = 1.13109 seconds
n = 2000, simulation time = 2.24131 seconds
n = 4000, simulation time = 4.48689 seconds
n = 8000, simulation time = 8.94186 seconds

Strong scaling estimates are :
    1.96    3.81    6.93   11.33   16.00 (speedup)
    1.96    1.90    1.73    1.42    1.00 (efficiency)    for
       1       2       4       8      16 threads/processors

Average strong scaling efficiency:    1.60 

Weak scaling estimates are :
    1.96    0.99    0.50    0.25    0.13 (efficiency)    for
       1       2       4       8      16 threads/processors

Average weak scaling efficiency:    0.77 


mpi Grade =   98.55

