rm: cannot remove 'mpi_sum.txt': No such file or directory
n = 500, simulation time = 0.043238 seconds
n = 500, simulation time = 0.041251 seconds
n = 500, simulation time = 0.03522 seconds
n = 500, simulation time = 0.032536 seconds
n = 500, simulation time = 0.025036 seconds
n = 500, simulation time = 0.021479 seconds
n = 1000, simulation time = 0.069031 seconds
n = 2000, simulation time = 0.085071 seconds
n = 4000, simulation time = 0.115853 seconds
n = 8000, simulation time = 0.182164 seconds

Strong scaling estimates are :
    1.05    1.23    1.33    1.73    2.01 (speedup)
    1.05    0.61    0.33    0.22    0.13 (efficiency)    for
       1       2       4       8      16 threads/processors

Average strong scaling efficiency:    0.47 

Weak scaling estimates are :
    1.05    0.63    0.51    0.37    0.24 (efficiency)    for
       1       2       4       8      16 threads/processors

Average weak scaling efficiency:    0.56 


mpi Grade =   74.98

